[    0.000000] Initializing cgroup subsys cpuset
[    0.000000] Initializing cgroup subsys cpu
[    0.000000] Initializing cgroup subsys cpuacct
[    0.000000] Linux version 4.4.0-178-generic (buildd@lgw01-amd64-017) (gcc version 5.4.0 20160609 (Ubuntu 5.4.0-6ubuntu1~16.04.12) ) #208-Ubuntu SMP Sun Apr 5 23:45:10 UTC 2020 (Ubuntu 4.4.0-178.208-generic 4.4.217)
[    0.000000] Command line: BOOT_IMAGE=/boot/vmlinuz-4.4.0-178-generic root=LABEL=cloudimg-rootfs ro console=tty1 console=ttyS0
[    0.000000] KERNEL supported cpus:
[    0.000000]   Intel GenuineIntel
[    0.000000]   AMD AuthenticAMD
[    0.000000]   Centaur CentaurHauls
[    0.000000] x86/fpu: xstate_offset[2]:  576, xstate_sizes[2]:  256
[    0.000000] x86/fpu: Supporting XSAVE feature 0x01: 'x87 floating point registers'
[    0.000000] x86/fpu: Supporting XSAVE feature 0x02: 'SSE registers'
[    0.000000] x86/fpu: Supporting XSAVE feature 0x04: 'AVX registers'
[    0.000000] x86/fpu: Enabled xstate features 0x7, context size is 832 bytes, using 'standard' format.
[    0.000000] e820: BIOS-provided physical RAM map:
[    0.000000] BIOS-e820: [mem 0x0000000000000000-0x000000000009fbff] usable
[    0.000000] BIOS-e820: [mem 0x000000000009fc00-0x000000000009ffff] reserved
[    0.000000] BIOS-e820: [mem 0x00000000000f0000-0x00000000000fffff] reserved
[    0.000000] BIOS-e820: [mem 0x0000000000100000-0x00000000dffeffff] usable
[    0.000000] BIOS-e820: [mem 0x00000000dfff0000-0x00000000dfffffff] ACPI data
[    0.000000] BIOS-e820: [mem 0x00000000fec00000-0x00000000fec00fff] reserved
[    0.000000] BIOS-e820: [mem 0x00000000fee00000-0x00000000fee00fff] reserved
[    0.000000] BIOS-e820: [mem 0x00000000fffc0000-0x00000000ffffffff] reserved
[    0.000000] BIOS-e820: [mem 0x0000000100000000-0x000000011fffffff] usable
[    0.000000] NX (Execute Disable) protection: active
[    0.000000] SMBIOS 2.5 present.
[    0.000000] Hypervisor detected: KVM
[    0.000000] e820: last_pfn = 0x120000 max_arch_pfn = 0x400000000
[    0.000000] MTRR: Disabled
[    0.000000] x86/PAT: MTRRs disabled, skipping PAT initialization too.
[    0.000000] CPU MTRRs all blank - virtualized system.
[    0.000000] x86/PAT: Configuration [0-7]: WB  WT  UC- UC  WB  WT  UC- UC  
[    0.000000] e820: last_pfn = 0xdfff0 max_arch_pfn = 0x400000000
[    0.000000] found SMP MP-table at [mem 0x0009fff0-0x0009ffff] mapped at [ffff88000009fff0]
[    0.000000] Scanning 1 areas for low memory corruption
[    0.000000] RAMDISK: [mem 0x362e0000-0x37167fff]
[    0.000000] ACPI: Early table checksum verification disabled
[    0.000000] ACPI: RSDP 0x00000000000E0000 000024 (v02 VBOX  )
[    0.000000] ACPI: XSDT 0x00000000DFFF0030 00003C (v01 VBOX   VBOXXSDT 00000001 ASL  00000061)
[    0.000000] ACPI: FACP 0x00000000DFFF00F0 0000F4 (v04 VBOX   VBOXFACP 00000001 ASL  00000061)
[    0.000000] ACPI: DSDT 0x00000000DFFF0470 0022EA (v02 VBOX   VBOXBIOS 00000002 INTL 20100528)
[    0.000000] ACPI: FACS 0x00000000DFFF0200 000040
[    0.000000] ACPI: FACS 0x00000000DFFF0200 000040
[    0.000000] ACPI: APIC 0x00000000DFFF0240 00005C (v02 VBOX   VBOXAPIC 00000001 ASL  00000061)
[    0.000000] ACPI: SSDT 0x00000000DFFF02A0 0001CC (v01 VBOX   VBOXCPUT 00000002 INTL 20100528)
[    0.000000] No NUMA configuration found
[    0.000000] Faking a node at [mem 0x0000000000000000-0x000000011fffffff]
[    0.000000] NODE_DATA(0) allocated [mem 0x11fff7000-0x11fffbfff]
[    0.000000] kvm-clock: Using msrs 4b564d01 and 4b564d00
[    0.000000] kvm-clock: cpu 0, msr 1:1ffef001, primary cpu clock
[    0.000000] kvm-clock: using sched offset of 3373872007 cycles
[    0.000000] clocksource: kvm-clock: mask: 0xffffffffffffffff max_cycles: 0x1cd42e4dffb, max_idle_ns: 881590591483 ns
[    0.000000] Zone ranges:
[    0.000000]   DMA      [mem 0x0000000000001000-0x0000000000ffffff]
[    0.000000]   DMA32    [mem 0x0000000001000000-0x00000000ffffffff]
[    0.000000]   Normal   [mem 0x0000000100000000-0x000000011fffffff]
[    0.000000]   Device   empty
[    0.000000] Movable zone start for each node
[    0.000000] Early memory node ranges
[    0.000000]   node   0: [mem 0x0000000000001000-0x000000000009efff]
[    0.000000]   node   0: [mem 0x0000000000100000-0x00000000dffeffff]
[    0.000000]   node   0: [mem 0x0000000100000000-0x000000011fffffff]
[    0.000000] Initmem setup node 0 [mem 0x0000000000001000-0x000000011fffffff]
[    0.000000] ACPI: PM-Timer IO Port: 0x4008
[    0.000000] IOAPIC[0]: apic_id 2, version 32, address 0xfec00000, GSI 0-23
[    0.000000] ACPI: INT_SRC_OVR (bus 0 bus_irq 0 global_irq 2 dfl dfl)
[    0.000000] ACPI: INT_SRC_OVR (bus 0 bus_irq 9 global_irq 9 low level)
[    0.000000] Using ACPI (MADT) for SMP configuration information
[    0.000000] smpboot: Allowing 2 CPUs, 0 hotplug CPUs
[    0.000000] PM: Registered nosave memory: [mem 0x00000000-0x00000fff]
[    0.000000] PM: Registered nosave memory: [mem 0x0009f000-0x0009ffff]
[    0.000000] PM: Registered nosave memory: [mem 0x000a0000-0x000effff]
[    0.000000] PM: Registered nosave memory: [mem 0x000f0000-0x000fffff]
[    0.000000] PM: Registered nosave memory: [mem 0xdfff0000-0xdfffffff]
[    0.000000] PM: Registered nosave memory: [mem 0xe0000000-0xfebfffff]
[    0.000000] PM: Registered nosave memory: [mem 0xfec00000-0xfec00fff]
[    0.000000] PM: Registered nosave memory: [mem 0xfec01000-0xfedfffff]
[    0.000000] PM: Registered nosave memory: [mem 0xfee00000-0xfee00fff]
[    0.000000] PM: Registered nosave memory: [mem 0xfee01000-0xfffbffff]
[    0.000000] PM: Registered nosave memory: [mem 0xfffc0000-0xffffffff]
[    0.000000] e820: [mem 0xe0000000-0xfebfffff] available for PCI devices
[    0.000000] Booting paravirtualized kernel on KVM
[    0.000000] clocksource: refined-jiffies: mask: 0xffffffff max_cycles: 0xffffffff, max_idle_ns: 7645519600211568 ns
[    0.000000] setup_percpu: NR_CPUS:512 nr_cpumask_bits:512 nr_cpu_ids:2 nr_node_ids:1
[    0.000000] PERCPU: Embedded 33 pages/cpu @ffff88011fc00000 s95448 r8192 d31528 u1048576
[    0.000000] Built 1 zonelists in Node order, mobility grouping on.  Total pages: 1032056
[    0.000000] Policy zone: Normal
[    0.000000] Kernel command line: BOOT_IMAGE=/boot/vmlinuz-4.4.0-178-generic root=LABEL=cloudimg-rootfs ro console=tty1 console=ttyS0
[    0.000000] PID hash table entries: 4096 (order: 3, 32768 bytes)
[    0.000000] Memory: 4028184K/4193848K available (8626K kernel code, 1336K rwdata, 4036K rodata, 1488K init, 1292K bss, 165664K reserved, 0K cma-reserved)
[    0.000000] SLUB: HWalign=64, Order=0-3, MinObjects=0, CPUs=2, Nodes=1
[    0.000000] Kernel/User page tables isolation: enabled
[    0.000000] Hierarchical RCU implementation.
[    0.000000] 	Build-time adjustment of leaf fanout to 64.
[    0.000000] 	RCU restricting CPUs from NR_CPUS=512 to nr_cpu_ids=2.
[    0.000000] RCU: Adjusting geometry for rcu_fanout_leaf=64, nr_cpu_ids=2
[    0.000000] NR_IRQS:33024 nr_irqs:440 16
[    0.000000] Console: colour VGA+ 80x25
[    0.000000] console [tty1] enabled
[    0.000000] console [ttyS0] enabled
[    0.000000] tsc: Detected 2303.998 MHz processor
[    0.237283] Calibrating delay loop (skipped) preset value.. 4607.99 BogoMIPS (lpj=9215992)
[    0.239924] pid_max: default: 32768 minimum: 301
[    0.240975] ACPI: Core revision 20150930
[    0.242343] ACPI: 2 ACPI AML tables successfully acquired and loaded
[    0.244200] Security Framework initialized
[    0.245229] Yama: becoming mindful.
[    0.245945] AppArmor: AppArmor initialized
[    0.248510] Dentry cache hash table entries: 524288 (order: 10, 4194304 bytes)
[    0.252948] Inode-cache hash table entries: 262144 (order: 9, 2097152 bytes)
[    0.254442] Mount-cache hash table entries: 8192 (order: 4, 65536 bytes)
[    0.255724] Mountpoint-cache hash table entries: 8192 (order: 4, 65536 bytes)
[    0.258334] Initializing cgroup subsys io
[    0.259264] Initializing cgroup subsys memory
[    0.260147] Initializing cgroup subsys devices
[    0.261009] Initializing cgroup subsys freezer
[    0.261856] Initializing cgroup subsys net_cls
[    0.262688] Initializing cgroup subsys perf_event
[    0.263572] Initializing cgroup subsys net_prio
[    0.264415] Initializing cgroup subsys hugetlb
[    0.265605] Initializing cgroup subsys pids
[    0.267582] mce: CPU supports 0 MCE banks
[    0.268745] Last level iTLB entries: 4KB 64, 2MB 8, 4MB 8
[    0.269842] Last level dTLB entries: 4KB 64, 2MB 0, 4MB 0, 1GB 4
[    0.270910] Spectre V1 : Mitigation: usercopy/swapgs barriers and __user pointer sanitization
[    0.272823] Spectre V2 : Mitigation: Full generic retpoline
[    0.273878] Spectre V2 : Spectre v2 / SpectreRSB mitigation: Filling RSB on context switch
[    0.275580] Speculative Store Bypass: Vulnerable
[    0.276530] MDS: Mitigation: Clear CPU buffers
[    0.279326] Freeing SMP alternatives memory: 36K
[    0.285385] ftrace: allocating 32308 entries in 127 pages
[    0.333183] smpboot: APIC(0) Converting physical 0 to logical package 0
[    0.334626] smpboot: Max logical packages: 1
[    0.336202] x2apic enabled
[    0.337058] Switched APIC routing to physical x2apic.
[    0.339593] ..TIMER: vector=0x30 apic1=0 pin1=2 apic2=-1 pin2=-1
[    0.449739] smpboot: CPU0: Intel(R) Core(TM) i9-9880H CPU @ 2.30GHz (family: 0x6, model: 0x9e, stepping: 0xd)
[    0.452453] Performance Events: unsupported p6 CPU model 158 no PMU driver, software events only.
[    0.463091] KVM setup paravirtual spinlock
[    0.464867] x86: Booting SMP configuration:
[    0.466105] .... node  #0, CPUs:      #1
[    0.467367] kvm-clock: cpu 1, msr 1:1ffef041, secondary cpu clock
[    0.469563] mce: CPU supports 0 MCE banks
[    0.472143] x86: Booted up 1 node, 2 CPUs
[    0.473417] smpboot: Total of 2 processors activated (9215.99 BogoMIPS)
[    0.475260] devtmpfs: initialized
[    0.477876] evm: security.selinux
[    0.479023] evm: security.SMACK64
[    0.479918] evm: security.SMACK64EXEC
[    0.480641] evm: security.SMACK64TRANSMUTE
[    0.481480] evm: security.SMACK64MMAP
[    0.482306] evm: security.ima
[    0.483073] evm: security.capability
[    0.483922] clocksource: jiffies: mask: 0xffffffff max_cycles: 0xffffffff, max_idle_ns: 7645041785100000 ns
[    0.485972] futex hash table entries: 512 (order: 3, 32768 bytes)
[    0.487598] pinctrl core: initialized pinctrl subsystem
[    0.488872] RTC time:  2:28:48, date: 08/14/20
[    0.489856] NET: Registered protocol family 16
[    0.502448] cpuidle: using governor ladder
[    0.514692] cpuidle: using governor menu
[    0.516201] PCCT header not found.
[    0.517551] ACPI: bus type PCI registered
[    0.518746] acpiphp: ACPI Hot Plug PCI Controller Driver version: 0.5
[    0.520519] PCI: Using configuration type 1 for base access
[    0.534912] ACPI: Added _OSI(Module Device)
[    0.536350] ACPI: Added _OSI(Processor Device)
[    0.537524] ACPI: Added _OSI(3.0 _SCP Extensions)
[    0.538583] ACPI: Added _OSI(Processor Aggregator Device)
[    0.540752] ACPI: Executed 1 blocks of module-level executable AML code
[    0.544205] ACPI: Interpreter enabled
[    0.545156] ACPI: (supports S0 S5)
[    0.546039] ACPI: Using IOAPIC for interrupt routing
[    0.547368] PCI: Using host bridge windows from ACPI; if necessary, use "pci=nocrs" and report a bug
[    0.553518] ACPI: PCI Root Bridge [PCI0] (domain 0000 [bus 00-ff])
[    0.555164] acpi PNP0A03:00: _OSC: OS supports [ASPM ClockPM Segments MSI]
[    0.556962] acpi PNP0A03:00: _OSC: not requesting OS control; OS requires [ExtendedConfig ASPM ClockPM MSI]
[    0.558859] acpi PNP0A03:00: fail to add MMCONFIG information, can't access extended PCI configuration space under this bridge.
[    0.561778] PCI host bridge to bus 0000:00
[    0.569373] pci_bus 0000:00: root bus resource [io  0x0000-0x0cf7 window]
[    0.571613] pci_bus 0000:00: root bus resource [io  0x0d00-0xffff window]
[    0.573540] pci_bus 0000:00: root bus resource [mem 0x000a0000-0x000bffff window]
[    0.575328] pci_bus 0000:00: root bus resource [mem 0xe0000000-0xfdffffff window]
[    0.577045] pci_bus 0000:00: root bus resource [bus 00-ff]
[    0.580323] pci 0000:00:01.1: legacy IDE quirk: reg 0x10: [io  0x01f0-0x01f7]
[    0.581678] pci 0000:00:01.1: legacy IDE quirk: reg 0x14: [io  0x03f6]
[    0.582831] pci 0000:00:01.1: legacy IDE quirk: reg 0x18: [io  0x0170-0x0177]
[    0.584273] pci 0000:00:01.1: legacy IDE quirk: reg 0x1c: [io  0x0376]
[    0.614446] pci 0000:00:07.0: quirk: [io  0x4000-0x403f] claimed by PIIX4 ACPI
[    0.616798] pci 0000:00:07.0: quirk: [io  0x4100-0x410f] claimed by PIIX4 SMB
[    0.635801] ACPI: PCI Interrupt Link [LNKA] (IRQs 5 9 10 *11)
[    0.638278] ACPI: PCI Interrupt Link [LNKB] (IRQs 5 9 *10 11)
[    0.640736] ACPI: PCI Interrupt Link [LNKC] (IRQs 5 *9 10 11)
[    0.642544] ACPI: PCI Interrupt Link [LNKD] (IRQs 5 9 10 *11)
[    0.644231] ACPI: Enabled 2 GPEs in block 00 to 07
[    0.646369] vgaarb: setting as boot device: PCI:0000:00:02.0
[    0.647945] vgaarb: device added: PCI:0000:00:02.0,decodes=io+mem,owns=io+mem,locks=none
[    0.649840] vgaarb: loaded
[    0.650420] vgaarb: bridge control possible 0000:00:02.0
[    0.652069] SCSI subsystem initialized
[    0.653087] ACPI: bus type USB registered
[    0.654043] usbcore: registered new interface driver usbfs
[    0.655347] usbcore: registered new interface driver hub
[    0.656402] usbcore: registered new device driver usb
[    0.657576] PCI: Using ACPI for IRQ routing
[    0.658731] NetLabel: Initializing
[    0.659483] NetLabel:  domain hash size = 128
[    0.660634] NetLabel:  protocols = UNLABELED CIPSOv4
[    0.661837] NetLabel:  unlabeled traffic allowed by default
[    0.663047] amd_nb: Cannot enumerate AMD northbridges
[    0.665335] clocksource: Switched to clocksource kvm-clock
[    0.673503] AppArmor: AppArmor Filesystem Enabled
[    0.674941] pnp: PnP ACPI init
[    0.676577] pnp: PnP ACPI: found 3 devices
[    0.685826] clocksource: acpi_pm: mask: 0xffffff max_cycles: 0xffffff, max_idle_ns: 2085701024 ns
[    0.688395] NET: Registered protocol family 2
[    0.689816] TCP established hash table entries: 32768 (order: 6, 262144 bytes)
[    0.692338] TCP bind hash table entries: 32768 (order: 7, 524288 bytes)
[    0.695604] TCP: Hash tables configured (established 32768 bind 32768)
[    0.697056] UDP hash table entries: 2048 (order: 4, 65536 bytes)
[    0.698835] UDP-Lite hash table entries: 2048 (order: 4, 65536 bytes)
[    0.700165] NET: Registered protocol family 1
[    0.701186] pci 0000:00:00.0: Limiting direct PCI/PCI transfers
[    0.702456] pci 0000:00:01.0: Activating ISA DMA hang workarounds
[    0.703700] Unpacking initramfs...
[    0.892419] Freeing initrd memory: 14880K
[    0.894030] PCI-DMA: Using software bounce buffering for IO (SWIOTLB)
[    0.895686] software IO TLB: mapped [mem 0xdbff0000-0xdfff0000] (64MB)
[    0.897428] clocksource: tsc: mask: 0xffffffffffffffff max_cycles: 0x2135f5e6f15, max_idle_ns: 440795231538 ns
[    0.899788] platform rtc_cmos: registered platform RTC device (no PNP device found)
[    0.901287] Scanning for low memory corruption every 60 seconds
[    0.903177] audit: initializing netlink subsys (disabled)
[    0.904912] audit: type=2000 audit(1597372134.016:1): initialized
[    0.906887] Initialise system trusted keyring
[    0.907926] HugeTLB registered 2 MB page size, pre-allocated 0 pages
[    0.910241] zbud: loaded
[    0.911413] VFS: Disk quotas dquot_6.6.0
[    0.912640] VFS: Dquot-cache hash table entries: 512 (order 0, 4096 bytes)
[    0.914216] squashfs: version 4.0 (2009/01/31) Phillip Lougher
[    0.916170] fuse init (API version 7.23)
[    0.917055] Key type big_key registered
[    0.917910] Allocating IMA MOK and blacklist keyrings.
[    0.919709] Key type asymmetric registered
[    0.920507] Asymmetric key parser 'x509' registered
[    0.921803] Block layer SCSI generic (bsg) driver version 0.4 loaded (major 249)
[    0.923453] io scheduler noop registered
[    0.924265] io scheduler deadline registered (default)
[    0.925251] io scheduler cfq registered
[    0.926452] pci_hotplug: PCI Hot Plug PCI Core version: 0.5
[    0.927560] pciehp: PCI Express Hot Plug Controller Driver version: 0.4
[    0.929275] ACPI: AC Adapter [AC] (on-line)
[    0.930507] input: Power Button as /devices/LNXSYSTM:00/LNXPWRBN:00/input/input0
[    0.931949] ACPI: Power Button [PWRF]
[    0.932876] input: Sleep Button as /devices/LNXSYSTM:00/LNXSLPBN:00/input/input1
[    0.935372] ACPI: Sleep Button [SLPF]
[    0.936403] GHES: HEST is not enabled!
[    0.937728] ACPI: Battery Slot [BAT0] (battery present)
[    0.939870] Serial: 8250/16550 driver, 32 ports, IRQ sharing enabled
[    0.962014] 00:02: ttyS0 at I/O 0x3f8 (irq = 4, base_baud = 115200) is a 16550A
[    0.966150] Linux agpgart interface v0.103
[    0.968606] loop: module loaded
[    0.969859] scsi host0: ata_piix
[    0.970815] scsi host1: ata_piix
[    0.971736] ata1: PATA max UDMA/33 cmd 0x1f0 ctl 0x3f6 bmdma 0xd000 irq 14
[    0.973122] ata2: PATA max UDMA/33 cmd 0x170 ctl 0x376 bmdma 0xd008 irq 15
[    0.974447] libphy: Fixed MDIO Bus: probed
[    0.975367] tun: Universal TUN/TAP device driver, 1.6
[    0.976299] tun: (C) 1999-2004 Max Krasnyansky <maxk@qualcomm.com>
[    0.977740] PPP generic driver version 2.4.2
[    0.979113] ehci_hcd: USB 2.0 'Enhanced' Host Controller (EHCI) Driver
[    0.980268] ehci-pci: EHCI PCI platform driver
[    0.981146] ehci-platform: EHCI generic platform driver
[    0.982551] ohci_hcd: USB 1.1 'Open' Host Controller (OHCI) Driver
[    0.983854] ohci-pci: OHCI PCI platform driver
[    0.984946] ohci-platform: OHCI generic platform driver
[    0.986071] uhci_hcd: USB Universal Host Controller Interface driver
[    0.987893] i8042: PNP: PS/2 Controller [PNP0303:PS2K,PNP0f03:PS2M] at 0x60,0x64 irq 1,12
[    0.991197] serio: i8042 KBD port at 0x60,0x64 irq 1
[    0.992934] serio: i8042 AUX port at 0x60,0x64 irq 12
[    0.994789] mousedev: PS/2 mouse device common for all mice
[    0.996909] input: AT Translated Set 2 keyboard as /devices/platform/i8042/serio0/input/input2
[    0.999147] rtc_cmos rtc_cmos: rtc core: registered rtc_cmos as rtc0
[    1.000532] rtc_cmos rtc_cmos: alarms up to one day, 114 bytes nvram
[    1.001916] i2c /dev entries driver
[    1.002648] device-mapper: uevent: version 1.0.3
[    1.003858] device-mapper: ioctl: 4.34.0-ioctl (2015-10-28) initialised: dm-devel@redhat.com
[    1.006030] ledtrig-cpu: registered to indicate activity on CPUs
[    1.007704] NET: Registered protocol family 10
[    1.009030] NET: Registered protocol family 17
[    1.009960] Key type dns_resolver registered
[    1.011323] registered taskstats version 1
[    1.012127] Loading compiled-in X.509 certificates
[    1.013466] Loaded X.509 cert 'Build time autogenerated kernel key: f33c437cc9123d9712070bdfe932b55b24c56047'
[    1.015521] zswap: loaded using pool lzo/zbud
[    1.019217] Key type trusted registered
[    1.022317] Key type encrypted registered
[    1.023098] AppArmor: AppArmor sha1 policy hashing enabled
[    1.024097] ima: No TPM chip found, activating TPM-bypass!
[    1.025326] ima: Allocated hash algorithm: sha1
[    1.026886] evm: HMAC attrs: 0x1
[    1.027961]   Magic number: 0:200:460
[    1.029478] rtc_cmos rtc_cmos: setting system clock to 2020-08-14 02:28:49 UTC (1597372129)
[    1.031477] BIOS EDD facility v0.16 2004-Jun-25, 0 devices found
[    1.032577] EDD information not available.
[    1.134346] Freeing unused kernel memory: 1488K
[    1.135642] Write protecting the kernel read-only data: 14336k
[    1.137600] Freeing unused kernel memory: 1604K
[    1.139167] Freeing unused kernel memory: 60K
Loading, please wait...
starting version 229
[    1.152067] random: systemd-udevd: uninitialized urandom read (16 bytes read, 3 bits of entropy available)
[    1.152351] random: udevadm: uninitialized urandom read (16 bytes read, 3 bits of entropy available)
[    1.152366] random: udevadm: uninitialized urandom read (16 bytes read, 3 bits of entropy available)
[    1.157454] random: udevadm: uninitialized urandom read (16 bytes read, 3 bits of entropy available)
[    1.157483] random: udevadm: uninitialized urandom read (16 bytes read, 3 bits of entropy available)
[    1.157569] random: udevadm: uninitialized urandom read (16 bytes read, 3 bits of entropy available)
[    1.157600] random: udevadm: uninitialized urandom read (16 bytes read, 3 bits of entropy available)
[    1.157632] random: udevadm: uninitialized urandom read (16 bytes read, 3 bits of entropy available)
[    1.157663] random: udevadm: uninitialized urandom read (16 bytes read, 3 bits of entropy available)
[    1.157692] random: udevadm: uninitialized urandom read (16 bytes read, 3 bits of entropy available)
[    1.196593] e1000: Intel(R) PRO/1000 Network Driver - version 7.3.21-k8-NAPI
[    1.198461] e1000: Copyright (c) 1999-2006 Intel Corporation.
[    1.201463] Fusion MPT base driver 3.04.20
[    1.202424] Copyright (c) 1999-2008 LSI Corporation
[    1.212970] Fusion MPT SPI Host driver 3.04.20
[    1.225756] AVX2 version of gcm_enc/dec engaged.
[    1.226987] AES CTR mode by8 optimization enabled
[    1.431929] input: ImExPS/2 Generic Explorer Mouse as /devices/platform/i8042/serio1/input/input4
[    1.602009] e1000 0000:00:03.0 eth0: (PCI:33MHz:32-bit) 02:bc:94:f1:bf:de
[    1.603862] e1000 0000:00:03.0 eth0: Intel(R) PRO/1000 Network Connection
[    1.992004] e1000 0000:00:08.0 eth1: (PCI:33MHz:32-bit) 08:00:27:36:c8:bd
[    1.993933] e1000 0000:00:08.0 eth1: Intel(R) PRO/1000 Network Connection
[    1.996409] e1000 0000:00:03.0 enp0s3: renamed from eth0
[    2.001703] mptbase: ioc0: Initiating bringup
[    2.021707] e1000 0000:00:08.0 enp0s8: renamed from eth1
[    2.070031] ioc0: LSI53C1030 A0: Capabilities={Initiator}
[    2.232449] scsi host2: ioc0: LSI53C1030 A0, FwRev=00000000h, Ports=1, MaxQ=256, IRQ=20
[    2.345906] scsi 2:0:0:0: Direct-Access     VBOX     HARDDISK         1.0  PQ: 0 ANSI: 5
[    2.348336] scsi target2:0:0: Beginning Domain Validation
[    2.351479] scsi target2:0:0: Domain Validation skipping write tests
[    2.352935] scsi target2:0:0: Ending Domain Validation
[    2.354233] scsi target2:0:0: asynchronous
[    2.355741] scsi 2:0:1:0: Direct-Access     VBOX     HARDDISK         1.0  PQ: 0 ANSI: 5
[    2.357629] scsi target2:0:1: Beginning Domain Validation
[    2.360298] scsi target2:0:1: Domain Validation skipping write tests
[    2.361730] scsi target2:0:1: Ending Domain Validation
[    2.362969] scsi target2:0:1: asynchronous
[    2.368637] sd 2:0:0:0: Attached scsi generic sg0 type 0
[    2.370201] sd 2:0:0:0: [sda] 20971520 512-byte logical blocks: (10.7 GB/10.0 GiB)
[    2.372097] sd 2:0:1:0: Attached scsi generic sg1 type 0
[    2.373311] sd 2:0:1:0: [sdb] 20480 512-byte logical blocks: (10.5 MB/10.0 MiB)
[    2.373458] sd 2:0:0:0: [sda] Write Protect is off
[    2.373541] sd 2:0:0:0: [sda] Incomplete mode parameter data
[    2.373542] sd 2:0:0:0: [sda] Assuming drive cache: write through
[    2.377925]  sda: sda1
[    2.378433] sd 2:0:0:0: [sda] Attached SCSI disk
[    2.380413] sd 2:0:1:0: [sdb] Write Protect is off
[    2.381637] sd 2:0:1:0: [sdb] Incomplete mode parameter data
[    2.382733] sd 2:0:1:0: [sdb] Assuming drive cache: write through
[    2.385882] sd 2:0:1:0: [sdb] Attached SCSI disk
Begin: Loading essential drivers ... [    3.636694] md: linear personality registered for level -1
[    3.640364] md: multipath personality registered for level -4
[    3.644091] md: raid0 personality registered for level 0
[    3.648395] md: raid1 personality registered for level 1
[    3.721896] raid6: sse2x1   gen() 12239 MB/s
[    3.789714] raid6: sse2x1   xor()  7787 MB/s
[    3.857354] raid6: sse2x2   gen() 14838 MB/s
[    3.925518] raid6: sse2x2   xor() 10141 MB/s
[    3.993696] raid6: sse2x4   gen() 18250 MB/s
[    4.061397] raid6: sse2x4   xor() 11318 MB/s
[    4.130123] raid6: avx2x1   gen() 23576 MB/s
[    4.197738] raid6: avx2x2   gen() 31348 MB/s
[    4.265483] raid6: avx2x4   gen() 29975 MB/s
[    4.266610] raid6: using algorithm avx2x2 gen() 31348 MB/s
[    4.268546] raid6: using avx2x2 recovery algorithm
[    4.271167] xor: automatically using best checksumming function:
[    4.309961]    avx       : 36226.000 MB/sec
[    4.312114] async_tx: api initialized (async)
[    4.326061] md: raid6 personality registered for level 6
[    4.327515] md: raid5 personality registered for level 5
[    4.329886] md: raid4 personality registered for level 4
[    4.336325] md: raid10 personality registered for level 10
done.
Begin: Running /scripts/init-premount ... done.
Begin: Mounting root file system ... Begin: Running /scripts/local-top ... done.
Begin: Running /scripts/local-premount ... [    4.368732] Btrfs loaded
Scanning for Btrfs filesystems
done.
Warning: fsck not present, so skipping root file system
[    4.389565] EXT4-fs (sda1): mounted filesystem with ordered data mode. Opts: (null)
done.
Begin: Running /scripts/local-bottom ... done.
Begin: Running /scripts/init-bottom ... done.
[    4.442656] systemd[1]: systemd 229 running in system mode. (+PAM +AUDIT +SELINUX +IMA +APPARMOR +SMACK +SYSVINIT +UTMP +LIBCRYPTSETUP +GCRYPT +GNUTLS +ACL +XZ -LZ4 +SECCOMP +BLKID +ELFUTILS +KMOD -IDN)
[    4.446658] systemd[1]: Detected virtualization oracle.
[    4.447773] systemd[1]: Detected architecture x86-64.

Welcome to [1mUbuntu 16.04.6 LTS[0m!

[    4.451489] systemd[1]: Set hostname to <ubuntu>.
[    4.453963] systemd[1]: Initializing machine ID from random generator.
[    4.455362] systemd[1]: Installed transient /etc/machine-id file.
[    4.539408] systemd[1]: Reached target System Time Synchronized.
[[0;32m  OK  [0m] Reached target System Time Synchronized.
[    4.549787] systemd[1]: Listening on Journal Socket (/dev/log).
[[0;32m  OK  [0m] Listening on Journal Socket (/dev/log).
[    4.551955] systemd[1]: Listening on LVM2 metadata daemon socket.
[[0;32m  OK  [0m] Listening on LVM2 metadata daemon socket.
[    4.554289] systemd[1]: Listening on udev Control Socket.
[[0;32m  OK  [0m] Listening on udev Control Socket.
[    4.556251] systemd[1]: Listening on udev Kernel Socket.
[[0;32m  OK  [0m] Listening on udev Kernel Socket.
[    4.558424] systemd[1]: Listening on Syslog Socket.
[[0;32m  OK  [0m] Listening on Syslog Socket.
[    4.566057] systemd[1]: Listening on Device-mapper event daemon FIFOs.
[[0;32m  OK  [0m] Listening on Device-mapper event daemon FIFOs.
[    4.568527] systemd[1]: Created slice System Slice.
[[0;32m  OK  [0m] Created slice System Slice.
[    4.570661] systemd[1]: Created slice system-serial\x2dgetty.slice.
[[0;32m  OK  [0m] Created slice system-serial\x2dgetty.slice.
[    4.573305] systemd[1]: Set up automount Arbitrary Executable File Formats File System Automount Point.
[[0;32m  OK  [0m] Set up automount Arbitrary Executab...ats File System Automount Point.
[    4.581542] systemd[1]: Listening on Journal Audit Socket.
[[0;32m  OK  [0m] Listening on Journal Audit Socket.
[    4.584162] systemd[1]: Started Trigger resolvconf update for networkd DNS.
[[0;32m  OK  [0m] Started Trigger resolvconf update for networkd DNS.
[    4.586687] systemd[1]: Started Forward Password Requests to Wall Directory Watch.
[[0;32m  OK  [0m] Started Forward Password Requests to Wall Directory Watch.
[    4.590606] systemd[1]: Reached target Swap.
[[0;32m  OK  [0m] Reached target Swap.
[    4.592913] systemd[1]: Reached target Encrypted Volumes.
[[0;32m  OK  [0m] Reached target Encrypted Volumes.
[    4.596144] systemd[1]: Reached target User and Group Name Lookups.
[[0;32m  OK  [0m] Reached target User and Group Name Lookups.
[    4.599212] systemd[1]: Listening on /dev/initctl Compatibility Named Pipe.
[[0;32m  OK  [0m] Listening on /dev/initctl Compatibility Named Pipe.
[    4.601708] systemd[1]: Listening on Journal Socket.
[[0;32m  OK  [0m] Listening on Journal Socket.
[    4.618041] systemd[1]: Starting Load Kernel Modules...
         Starting Load Kernel Modules...
[    4.621349] systemd[1]: Starting Set console keymap...
         Starting Set console keymap...
[    4.623686] systemd[1]: Starting Remount Root and Kernel File Systems...
         Starting Remount Root and Kernel File Systems...
[    4.627047] EXT4-fs (sda1): re-mounted. Opts: (null)
[    4.627097] systemd[1]: Starting Create list of required static device nodes for the current kernel...
         Starting Create list of required st... nodes for the current kernel...
[    4.632068] systemd[1]: Mounting POSIX Message Queue File System...
[    4.633168] Loading iSCSI transport class v2.0-870.
         Mounting POSIX Message Queue File System...
[    4.639757] iscsi: registered transport (tcp)
[    4.642113] systemd[1]: Starting Nameserver information manager...
         Starting Nameserver information manager...
[    4.646035] systemd[1]: Mounting Huge Pages File System...
         Mounting Huge Pages File System...
[    4.648612] systemd[1]: Starting Monitoring of LVM2 mirrors, snapshots etc. using dmeventd or progress polling...
         Starting Monitoring of LVM2 mirrors... dmeventd or progress polling...
[    4.655264] systemd[1]: Starting Uncomplicated firewall...
         Starting Uncomplicated firewall...
[    4.657664] systemd[1]: Created slice User and Session Slice.
[[0;32m  OK  [0m] Created slice User and Session Slice.
[    4.660416] systemd[1]: Reached target Slices.
[[0;32m  OK  [0m] Reached target Slices.
[    4.673705] systemd[1]: Starting Journal Service...
[    4.675606] iscsi: registered transport (iser)
         Starting Journal Service...
[    4.678104] systemd[1]: Mounting Debug File System...
         Mounting Debug File System...
[    4.680558] systemd[1]: Listening on LVM2 poll daemon socket.
[[0;32m  OK  [0m] Listening on LVM2 poll daemon socket.
[    4.690869] systemd[1]: Mounted Huge Pages File System.
[[0;32m  OK  [0m] Mounted Huge Pages File System.
[    4.697921] systemd[1]: Mounted Debug File System.
[[0;32m  OK  [0m] Mounted Debug File System.
[    4.700303] systemd[1]: Mounted POSIX Message Queue File System.
[[0;32m  OK  [0m] Mounted POSIX Message Queue File System.
[    4.709628] systemd[1]: Started Journal Service.
[[0;32m  OK  [0m] Started Journal Service.
[[0;32m  OK  [0m] Started Load Kernel Modules.
[[0;32m  OK  [0m] Started Set console keymap.
[[0;32m  OK  [0m] Started Remount Root and Kernel File Systems.
[[0;32m  OK  [0m] Started Create list of required sta...ce nodes for the current kernel.
[[0;32m  OK  [0m] Started Uncomplicated firewall.
[[0;32m  OK  [0m] Started Nameserver information manager.
[[0;32m  OK  [0m] Started LVM2 metadata daemon.
         Starting Create Static Device Nodes in /dev...
         Starting Load/Save Random Seed...
         Starting udev Coldplug all Devices...
         Starting Apply Kernel Variables...
         Mounting FUSE Control File System...
         Starting Flush Journal to Persistent Storage...
[[0;32m  OK  [0m] Mounted FUSE Control File System.
[[0;32m  OK  [0m] Started Load/Save Random Seed.
[[0;32m  OK  [0m] Started Apply Kernel Variables.
[[0;32m  OK  [0m] Started Flush Journal to Persistent Storage.
[[0;32m  OK  [0m] Started Create Static Device Nodes in /dev.
         Starting udev Kernel Device Manager...
[[0;32m  OK  [0m] Started udev Kernel Device Manager.
[[0;32m  OK  [0m] Started udev Coldplug all Devices.
[[0;32m  OK  [0m] Started Dispatch Password Requests to Console Directory Watch.
[[0;32m  OK  [0m] Found device /dev/ttyS0.
[[0;32m  OK  [0m] Listening on Load/Save RF Kill Switch Status /dev/rfkill Watch.
[[0;32m  OK  [0m] Started Monitoring of LVM2 mirrors,...ng dmeventd or progress polling.
[[0;32m  OK  [0m] Reached target Local File Systems (Pre).
[[0;32m  OK  [0m] Reached target Local File Systems.
         Starting Create Volatile Files and Directories...
         Starting Initial cloud-init job (pre-networking)...
         Starting Set console font and keymap...
         Starting Commit a transient machine-id on disk...
         Starting LSB: AppArmor initialization...
         Starting Tell Plymouth To Write Out Runtime Data...
[[0;32m  OK  [0m] Started Create Volatile Files and Directories.
         Starting Update UTMP about System Boot/Shutdown...
[[0;32m  OK  [0m] Started Update UTMP about System Boot/Shutdown.
[[0;32m  OK  [0m] Started Commit a transient machine-id on disk.
[[0;32m  OK  [0m] Started Tell Plymouth To Write Out Runtime Data.
[[0;32m  OK  [0m] Started LSB: AppArmor initialization.
[    5.780374] cloud-init[620]: Cloud-init v. 19.4-33-gbb4131a2-0ubuntu1~16.04.1 running 'init-local' at Fri, 14 Aug 2020 02:28:54 +0000. Up 5.54 seconds.
[[0;32m  OK  [0m] Started Initial cloud-init job (pre-networking).
[[0;32m  OK  [0m] Reached target Network (Pre).
         Starting Raise network interfaces...
[[0;32m  OK  [0m] Started Set console font and keymap.
[[0;32m  OK  [0m] Created slice system-getty.slice.
[[0;32m  OK  [0m] Started Raise network interfaces.
         Starting Initial cloud-init job (metadata service crawler)...
[[0;32m  OK  [0m] Reached target Network.
[    6.970864] cloud-init[963]: Cloud-init v. 19.4-33-gbb4131a2-0ubuntu1~16.04.1 running 'init' at Fri, 14 Aug 2020 02:28:54 +0000. Up 6.23 seconds.
[    6.980371] cloud-init[963]: ci-info: ++++++++++++++++++++++++++++++++++++++Net device info+++++++++++++++++++++++++++++++++++++++
[    6.982813] cloud-init[963]: ci-info: +--------+-------+----------------------------+---------------+--------+-------------------+
[    6.996644] cloud-init[963]: ci-info: | Device |   Up  |          Address           |      Mask     | Scope  |     Hw-Address    |
[    6.998347] cloud-init[963]: ci-info: +--------+-------+----------------------------+---------------+--------+-------------------+
[    7.000432] [[0;32m  OK  [0m] Started Initial cloud-init job (metadata service crawler).
cloud-init[963]: ci-info: | enp0s3 |  True |         10.0.2.15          | 255.255.255.0 | global | 02:bc:94:f1:bf:de |
[    7.003221] [[0;32m  OK  [0m] Reached target System Initialization.
[[0;32m  OK  [0m] Listening on ACPID Listen Socket.
         Starting Socket activation for snappy daemon.
[[0;32m  OK  [0m] Listening on D-Bus System Message Bus Socket.
cloud-init[963]: ci-info: | enp0s3 |  True | fe80::bc:94ff:fef1:bfde/64 |       .       |  link  | 02:bc:94:f1:bf:de |
[    7.008572] cloud-init[963]: ci-info: | enp0s8 | False |             .              |       .       |   .    | 08:00:27:36:c8:bd |
[    7.010623] cloud-init[963]: ci-info: |   lo   |  True |         127.0.0.1          |   255.0.0.0   |  host  |         .         |
[    7.012708] cloud-init[963]: ci-info: |   lo   |  True |          ::1/128           |       .       |  host  |         .         |
[[0;32m  OK  [0m] Started ACPI Events Check.
[[0;32m  OK  [0m] Reached target Paths.
[[0;32m  OK  [0m] Started Daily apt download activities.
[[0;32m  OK  [0m] Started Daily apt upgrade and clean activities.
[    7.017207] cloud-init[963]: ci-info: +--------+-------+----------------------------+---------------+--------+-------------------+
[    7.034361] cloud-init[963]: ci-info: +++++++++++++++++++++++++++Route IPv4 info++++++++++++++++++++++++++++
[    7.036286] cloud-init[963]: ci-info: +-------+-------------+----------+---------------+-----------+-------+
[    7.038133] cloud-init[963]: ci-info: | Route | Destination | Gateway  |    Genmask    | Interface | Flags |
[    7.044049] cloud-init[963]: ci-info: +-------+-------------+----------+---------------+-----------+-------+
[    7.046193] cloud-init[963]: ci-info: |   0   |   0.0.0.0   | 10.0.2.2 |    0.0.0.0    |   enp0s3  |   UG  |
         Starting LXD - unix socket.
[[0;32m  OK  [0m] Listening on UUID daemon activation socket.
[[0;32m  OK  [0m] Started Daily Cleanup of Temporary Directories.
[[0;32m  OK  [0m] Started Message of the Day.
[[0;32m  OK  [0m] Reached target Timers.
[    7.050638] cloud-init[963]: ci-info: |   1   |   10.0.2.0  | 0.0.0.0  | 255.255.255.0 |   enp0s3  |   U   |
[    7.059438] cloud-init[963]: ci-info: +-------+-------------+----------+---------------+-----------+-------+
[[0;32m  OK  [0m] Reached target Cloud-config availability.
[[0;32m  OK  [0m] Reached target Network is Online.
[    7.063336] cloud-init[963]: ci-info: +++++++++++++++++++Route IPv6 info+++++++++++++++++++
[    7.072204] cloud-init[963]: ci-info: +-------+-------------+---------+-----------+-------+
[    7.073547] cloud-init[963]: ci-info: | Route | Destination | Gateway | Interface | Flags |
[    7.080248] cloud-init[963]: ci-info: +-------+-------------+---------+-----------+-------+
[    7.081676] cloud-init[963]: ci-info: |   0   |  fe80::/64  |    ::   |   enp0s3  |   U   |
[    7.088361] cloud-init[963]: ci-info: |   3   |   ff00::/8  |    ::   |   enp0s3  |   U   |
[    7.090758]          Starting iSCSI initiator daemon (iscsid)...
[[0;32m  OK  [0m] Listening on Socket activation for snappy daemon.
[[0;32m  OK  [0m] Listening on LXD - unix socket.
[[0;32m  OK  [0m] Reached target Sockets.
[[0;32m  OK  [0m] Reached target Basic System.
cloud-init[963]: ci-info: +-------+-------------+---------+-----------+-------+
[    7.096348] cloud-init[963]: Generating public/private rsa key pair.
[    7.101218]          Starting Login Service...
cloud-init[963]: Your identification has been saved in /etc/ssh/ssh_host_rsa_key.         Starting Pollinate to seed the pseudo random number generator...
[[0;32m  OK  [0m] Started FUSE filesystem for LXC.
         Starting Virtualbox guest utils...
[[0;32m  OK  [0m] Started D-Bus System Message Bus.

[    7.120354] cloud-init[963]: Your public key has been saved in /etc/ssh/ssh_host_rsa_key.pub.
[    7.122753] cloud-init[963]: The key fingerprint is:
[    7.123630] cloud-init[963]: SHA256:OO5HU8LpAXcDrPHxFxuOg1Xvs+9WKPg3mb86LNFj7/Q root@ubuntu-xenial
[    7.127446] cloud-init[963]: The key's randomart image is:
[    7.129415] cloud-init[963]: +---[RSA 2048]----+
[    7.131378] cloud-init[963]: |       ... ..    |
[    7.133230] cloud-init[963]: |      o + + o.   |
[    7.134390] cloud-init[963]: |       B B + +.  |
[    7.135439] cloud-init[963]: |      ..B = +.   |
[    7.136472] cloud-init[963]: |      o.S+ +. o. |
[    7.137299] cloud-init[963]: |     . .+ ...+.o.|
[    7.138496] cloud-init[963]: |      .. . .+.++.|
[    7.139267] cloud-init[963]: |     .  .  ..o*oo|
[    7.142250] [cloud-init[0;32m  OK  [0m[963]: ] |      ..    .o+BE|Started ACPI event daemon.

[    7.142627] cloud-init[963]:          Starting System Logging Service...
         Starting LSB: MD monitoring daemon...
+----[SHA256]-----+[[0;32m  OK  [0m] Started Regular background program processing daemon.
         Starting Snappy daemon...

         Starting /etc/rc.local Compatibility...
[[0;32m  OK  [0m] Started Deferred execution scheduler.
         Starting LXD - container startup/shutdown...
         Starting LSB: Record successful boot for GRUB...
         Starting Accounts Service...
[    7.153586] cloud-init[963]: Generating public/private dsa key pair.
[[0;32m  OK  [0m] Started iSCSI initiator daemon (iscsid).
[    7.156751] cloud-init[963]: Your identification has been saved in /etc/ssh/ssh_host_dsa_key.
[    7.172663] cloud-init[963]: Your public key has been saved in /etc/ssh/ssh_host_dsa_key.pub.
[[0;32m  OK  [0m] Started /etc/rc.local Compatibility.
[    7.184520] cloud-init[[0;32m  OK  [0m] Started System Logging Service.
[963]: The key fingerprint is:[[0;32m  OK  [0m] Started Login Service.

[    7.196285] cloud-init[963]: SHA256:Km0+20T7dUHJznuFQfEfCp1zvFkc7AmxWA+atA+MViE root@ubuntu-xenial
[    7.199293] [[0;32m  OK  [0m] Started Unattended Upgrades Shutdown.
         Starting Login to default iSCSI targets...
         Starting Authenticate and Authorize Users to Run Privileged Tasks...
cloud-init[963]: The key's randomart image is:
[    7.229958] cloud-init[963]: +---[DSA 1024]----+
[    7.235123] cloud-init[963]: |         E +.+=o |
[    7.241575] cloud-init[963]: |          * B+*=.|
[    7.243958] [[0;32m  OK  [0m] Started Authenticate and Authorize Users to Run Privileged Tasks.
[[0;32m  OK  [0m] Started LSB: Record successful boot for GRUB.
[[0;32m  OK  [0m] Started Login to default iSCSI targets.
[[0;32m  OK  [0m] Started Accounts Service.
[[0;32m  OK  [0m] Reached target Remote File Systems (Pre).
[[0;32m  OK  [0m] Reached target Remote File Systems.
cloud-init         Starting LSB: Set the CPU Frequency Scaling governor to "ondemand"...
[963]: |         o O =B==|
[    7.272382]          cloud-initStarting Permit User Sessions...[963]: 
|        .   +++=*|
[    7.273639]          Starting LSB: daemon to balance interrupts for SMP systems...
         Starting LSB: automatic crash report generation...
[[0;32m  OK  [0m] Started LSB: MD monitoring daemon.
cloud-init[963]: |        S    o=oo|
[[0;32m  OK  [0m] Started Permit User Sessions.
[    7.288315]          Starting Terminate Plymouth Boot Screen...
         Starting Hold until boot process finishes up...
cloud-init[[0;32m  OK  [0m] Started LSB: Set the CPU Frequency Scaling governor to "ondemand".
[[0;32m  OK  [0m] Started Hold until boot process finishes up.
         Starting Set console scheme...
[[0;32m  OK  [0m] Started Getty on tty1.
[963]: [[0;32m  OK  [0m] Started Serial Getty on ttyS0.
[[0;32m  OK  [0m] Reached target Login Prompts.
[[0;32m  OK  [0m] Started Terminate Plymouth Boot Screen.
|     . o .     o.|[[0;32m  OK  [0m] Started Set console scheme.

[    7.320772] cloud-init[963]: |    . + o   . o .|
[    7.332377] [[0;32m  OK  [0m] Started LXD - container startup/shutdown.
cloud-init[963]: |     +.o . . . . |
[    7.340513] [[0;32m  OK  [0m] Started LSB: daemon to balance interrupts for SMP systems.
[[0;32m  OK  [0m] Started Virtualbox guest utils.
[[0;32m  OK  [0m] Started LSB: automatic crash report generation.
cloud-init[963]: |      oo. .      |
[    7.349081] cloud-init[963]: +----[SHA256]-----+
[    7.350722] cloud-init[963]: Generating public/private ecdsa key pair.
[    7.355256] cloud-init[963]: Your identification has been saved in /etc/ssh/ssh_host_ecdsa_key.
[    7.364225] cloud-init[963]: Your public key has been saved in /etc/ssh/ssh_host_ecdsa_key.pub.
[    7.366091] cloud-init[963]: The key fingerprint is:
[    7.367149] cloud-init[963]: SHA256:Kr1jANa0sXI43H38ONEUkAjO1VRgI2Efkf1jeEZlJ/A root@ubuntu-xenial
[    7.368970] cloud-init[963]: The key's randomart image is:
[    7.370303] cloud-init[963]: +---[ECDSA 256]---+
[    7.371273] cloud-init[963]: |    ..==OOo..o+ .|
[    7.372237] cloud-init[963]: |   ooo.++oo .o o |
[    7.373353] cloud-init[963]: | . =o= ..o +  E  |
[    7.374450] cloud-init[963]: |  B * . + o *    |
[    7.375574] cloud-init[963]: | . =   .S+ + .   |
[    7.378126] cloud-init[963]: |    .. .o .      |
[    7.388398] cloud-init[963]: |    ..o  .       |
[    7.397804] cloud-init[963]: |     .o.         |
[    7.398594] cloud-init[963]: |     ...         |
[    7.404347] cloud-init[963]: +----[SHA256]-----+
[    7.412350] cloud-init[963]: Generating public/private ed25519 key pair.
[    7.420389] cloud-init[963]: Your identification has been saved in /etc/ssh/ssh_host_ed25519_key.
[    7.422416] cloud-init[963]: Your public key has been saved in /etc/ssh/ssh_host_ed25519_key.pub.
[    7.425712] cloud-init[963]: The key fingerprint is:
[    7.427191] cloud-init[963]: SHA256:jFe2ZAbje5NFV17EOKwwYyBAsce2v1iJ/3sMq5ZMC1s root@ubuntu-xenial
[    7.429243] cloud-init[963]: The key's randomart image is:
[    7.430889] cloud-init[963]: +--[ED25519 256]--+
[    7.434868] cloud-init[963]: |   .+o. +.  ...=+|
[    7.436487] cloud-init[963]: |     o o o=. .+.o|
[    7.439733] cloud-init[963]: |    . + ..*+.. ..|
[    7.441234] cloud-init[963]: |     o + B +.    |
[    7.442374] cloud-init[963]: |      o S =      |
[    7.443977] cloud-init[963]: |      .+Eo..     |
[    7.445149] cloud-init[963]: |      .*+o +     |
[    7.446304] cloud-init[963]: |      .+=.. o    |
[    7.449205] cloud-init[963]: |      ..+ooo     |
[    7.450446] cloud-init[963]: +----[SHA256]-----+
[[0;32m  OK  [0m] Started Snappy daemon.
         Starting Wait until snapd is fully seeded...
[[0;32m  OK  [0m] Started Pollinate to seed the pseudo random number generator.
         Starting OpenBSD Secure Shell server...
[[0;32m  OK  [0m] Started OpenBSD Secure Shell server.
[[0;32m  OK  [0m] Started Wait until snapd is fully seeded.
[[0;32m  OK  [0m] Reached target Multi-User System.
[[0;32m  OK  [0m] Reached target Graphical Interface.
         Starting Update UTMP about System Runlevel Changes...
         Starting Apply the settings specified in cloud-config...
[[0;32m  OK  [0m] Started Update UTMP about System Runlevel Changes.
[    9.300295] cloud-init[1329]: Generating locales (this might take a while)...
[    9.860599] cloud-init[1329]:   en_US.UTF-8... done
[    9.869109] cloud-init[1329]: Generation complete.
[   10.038153] cloud-init[1329]: Cloud-init v. 19.4-33-gbb4131a2-0ubuntu1~16.04.1 running 'modules:config' at Fri, 14 Aug 2020 02:28:57 +0000. Up 9.23 seconds.
[[0;32m  OK  [0m] Started Apply the settings specified in cloud-config.
         Starting Execute cloud user/final scripts...
ci-info: no authorized SSH keys fingerprints found for user ubuntu.
<14>Aug 14 02:28:59 ec2: 
<14>Aug 14 02:28:59 ec2: #############################################################
<14>Aug 14 02:28:59 ec2: -----BEGIN SSH HOST KEY FINGERPRINTS-----
<14>Aug 14 02:28:59 ec2: 1024 SHA256:Km0+20T7dUHJznuFQfEfCp1zvFkc7AmxWA+atA+MViE root@ubuntu-xenial (DSA)
<14>Aug 14 02:28:59 ec2: 256 SHA256:Kr1jANa0sXI43H38ONEUkAjO1VRgI2Efkf1jeEZlJ/A root@ubuntu-xenial (ECDSA)
<14>Aug 14 02:28:59 ec2: 256 SHA256:jFe2ZAbje5NFV17EOKwwYyBAsce2v1iJ/3sMq5ZMC1s root@ubuntu-xenial (ED25519)
<14>Aug 14 02:28:59 ec2: 2048 SHA256:OO5HU8LpAXcDrPHxFxuOg1Xvs+9WKPg3mb86LNFj7/Q root@ubuntu-xenial (RSA)
<14>Aug 14 02:28:59 ec2: -----END SSH HOST KEY FINGERPRINTS-----
<14>Aug 14 02:28:59 ec2: #############################################################
-----BEGIN SSH HOST KEY KEYS-----
ecdsa-sha2-nistp256 AAAAE2VjZHNhLXNoYTItbmlzdHAyNTYAAAAIbmlzdHAyNTYAAABBBCK8i4HvLK5QttXnjMsozu27SKJbYKVPQrJfG/GC0fxh1smOCApp5b7evUxttr1zZhqMYDLxHN74HdIxnQXZjBQ= root@ubuntu-xenial
ssh-ed25519 AAAAC3NzaC1lZDI1NTE5AAAAIONcBU3r9u4+FnSfWa2KzWPVzvuuMxt+bUL72m2Uo3uS root@ubuntu-xenial
ssh-rsa AAAAB3NzaC1yc2EAAAADAQABAAABAQC2LXZw05PMIYWGOu+GhWgxWJlWy77k9Wp0iDv4eYnX1QnaugtPEfc6AoAVqjirZPo+HeMvXY3L5fAbtuHORTwGALKoJCCYhOqnFS30jE3D3xqnlABFLpOVqD6alzm/IeudegsrIKLfnTM/5kz5QkbzcAH7HYvxDQ8UImV1i5KsI09yW0DKlIvfSNJrmTbZO87VelceLAE5qKwO1WKheMmuz7MAoWO/lQCeOzTd9UfzdUun43j1L4QqvwRt82YRCdrldMh+SbVtUpUnbZkzOWIRfZw2YDgA6GhQqKomRGCIaHTEcLdew92fZo2L5sqOqMYlENZxbAaDgnWZjtxMAVHh root@ubuntu-xenial
-----END SSH HOST KEY KEYS-----
[   10.360734] cloud-init[1368]: Cloud-init v. 19.4-33-gbb4131a2-0ubuntu1~16.04.1 running 'modules:final' at Fri, 14 Aug 2020 02:28:58 +0000. Up 10.25 seconds.
[   10.363188] cloud-init[1368]: ci-info: no authorized SSH keys fingerprints found for user ubuntu.
[   10.365156] cloud-init[1368]: Cloud-init v. 19.4-33-gbb4131a2-0ubuntu1~16.04.1 finished at Fri, 14 Aug 2020 02:28:59 +0000. Datasource DataSourceNoCloud [seed=/dev/sdb][dsmode=net].  Up 10.35 seconds
[[0;32m  OK  [0m] Started Execute cloud user/final scripts.
[[0;32m  OK  [0m] Reached target Cloud-init target.

Ubuntu 16.04.6 LTS ubuntu-xenial ttyS0

ubuntu-xenial login: 